-------------------------------------------------------------------------------
Test set: ru.skillbox.team13.testcontainers.application.FeedTests
-------------------------------------------------------------------------------
Tests run: 1, Failures: 0, Errors: 1, Skipped: 0, Time elapsed: 0.056 s <<< FAILURE! - in ru.skillbox.team13.testcontainers.application.FeedTests
ru.skillbox.team13.testcontainers.application.FeedTests  Time elapsed: 0.056 s  <<< ERROR!
java.nio.file.InvalidPathException: Illegal char <"> at index 0: "C:\Users\asxma\AppData\Roaming\npm

