-------------------------------------------------------------------------------
Test set: ru.skillbox.team13.testcontainers.database.PersonDaoTests
-------------------------------------------------------------------------------
Tests run: 1, Failures: 0, Errors: 1, Skipped: 0, Time elapsed: 0.02 s <<< FAILURE! - in ru.skillbox.team13.testcontainers.database.PersonDaoTests
ru.skillbox.team13.testcontainers.database.PersonDaoTests  Time elapsed: 0.02 s  <<< ERROR!
java.nio.file.InvalidPathException: Illegal char <"> at index 0: "C:\Users\asxma\AppData\Roaming\npm

