-------------------------------------------------------------------------------
Test set: ru.skillbox.team13.testcontainers.database.PostDaoTests
-------------------------------------------------------------------------------
Tests run: 1, Failures: 0, Errors: 1, Skipped: 0, Time elapsed: 0.049 s <<< FAILURE! - in ru.skillbox.team13.testcontainers.database.PostDaoTests
ru.skillbox.team13.testcontainers.database.PostDaoTests  Time elapsed: 0.049 s  <<< ERROR!
java.nio.file.InvalidPathException: Illegal char <"> at index 0: "C:\Users\asxma\AppData\Roaming\npm

