-------------------------------------------------------------------------------
Test set: ru.skillbox.team13.testcontainers.database.CommentDaoTests
-------------------------------------------------------------------------------
Tests run: 1, Failures: 0, Errors: 1, Skipped: 0, Time elapsed: 0.071 s <<< FAILURE! - in ru.skillbox.team13.testcontainers.database.CommentDaoTests
ru.skillbox.team13.testcontainers.database.CommentDaoTests  Time elapsed: 0.071 s  <<< ERROR!
java.nio.file.InvalidPathException: Illegal char <"> at index 0: "C:\Users\asxma\AppData\Roaming\npm

