-------------------------------------------------------------------------------
Test set: ru.skillbox.team13.testcontainers.database.TagRepoTests
-------------------------------------------------------------------------------
Tests run: 1, Failures: 0, Errors: 1, Skipped: 0, Time elapsed: 0.024 s <<< FAILURE! - in ru.skillbox.team13.testcontainers.database.TagRepoTests
ru.skillbox.team13.testcontainers.database.TagRepoTests  Time elapsed: 0.022 s  <<< ERROR!
java.nio.file.InvalidPathException: Illegal char <"> at index 0: "C:\Users\asxma\AppData\Roaming\npm

