<?xml version="1.0" encoding="UTF-8"?>
<testsuite xmlns:xsi="http://www.w3.org/2001/XMLSchema-instance" xsi:noNamespaceSchemaLocation="https://maven.apache.org/surefire/maven-surefire-plugin/xsd/surefire-test-report.xsd" name="ru.skillbox.team13.testcontainers.application.PostsTests" time="0.096" tests="1" errors="1" skipped="0" failures="0">
  <properties>
[...]
</properties>
  <testcase name="ru.skillbox.team13.testcontainers.application.PostsTests" classname="ru.skillbox.team13.testcontainers.application.PostsTests" time="0.096">
    <error message="Illegal char &lt;&quot;&gt; at index 0: &quot;C:\Users\asxma\AppData\Roaming\npm" type="java.nio.file.InvalidPathException"><![CDATA[java.nio.file.InvalidPathException: Illegal char <"> at index 0: "C:\Users\asxma\AppData\Roaming\npm
]]></error>
    <system-out><![CDATA[02.09-15:49:51.879 &amp#27;[34m INFO&amp#27;[0;39m [main] o.s.b.t.c.SpringBootTestContextBootstrapper: Neither @ContextConfiguration nor @ContextHierarchy found for test class [ru.skillbox.team13.testcontainers.application.PostsTests], using SpringBootContextLoader 
02.09-15:49:51.881 &amp#27;[34m INFO&amp#27;[0;39m [main] o.s.t.context.support.AbstractContextLoader: Could not detect default resource locations for test class [ru.skillbox.team13.testcontainers.application.PostsTests]: no resource found for suffixes {-context.xml, Context.groovy}. 
02.09-15:49:51.894 &amp#27;[34m INFO&amp#27;[0;39m [main] o.s.t.c.s.AnnotationConfigContextLoaderUtils: Could not detect default configuration classes for test class [ru.skillbox.team13.testcontainers.application.PostsTests]: PostsTests does not declare any static, non-private, non-final, nested classes annotated with @Configuration. 
02.09-15:49:51.899 &amp#27;[34m INFO&amp#27;[0;39m [main] o.s.b.t.c.SpringBootTestContextBootstrapper: Found @SpringBootConfiguration ru.skillbox.team13.App for test class ru.skillbox.team13.testcontainers.application.PostsTests 
02.09-15:49:51.904 &amp#27;[34m INFO&amp#27;[0;39m [main] o.s.b.t.c.SpringBootTestContextBootstrapper: Loaded default TestExecutionListener class names from location [META-INF/spring.factories]: [org.springframework.boot.test.mock.mockito.MockitoTestExecutionListener, org.springframework.boot.test.mock.mockito.ResetMocksTestExecutionListener, org.springframework.boot.test.autoconfigure.restdocs.RestDocsTestExecutionListener, org.springframework.boot.test.autoconfigure.web.client.MockRestServiceServerResetTestExecutionListener, org.springframework.boot.test.autoconfigure.web.servlet.MockMvcPrintOnlyOnFailureTestExecutionListener, org.springframework.boot.test.autoconfigure.web.servlet.WebDriverTestExecutionListener, org.springframework.boot.test.autoconfigure.webservices.client.MockWebServiceServerTestExecutionListener, org.springframework.test.context.web.ServletTestExecutionListener, org.springframework.test.context.support.DirtiesContextBeforeModesTestExecutionListener, org.springframework.test.context.event.ApplicationEventsTestExecutionListener, org.springframework.test.context.support.DependencyInjectionTestExecutionListener, org.springframework.test.context.support.DirtiesContextTestExecutionListener, org.springframework.test.context.transaction.TransactionalTestExecutionListener, org.springframework.test.context.jdbc.SqlScriptsTestExecutionListener, org.springframework.test.context.event.EventPublishingTestExecutionListener, org.springframework.security.test.context.support.WithSecurityContextTestExecutionListener, org.springframework.security.test.context.support.ReactorContextTestExecutionListener] 
02.09-15:49:51.907 &amp#27;[34m INFO&amp#27;[0;39m [main] o.s.b.t.c.SpringBootTestContextBootstrapper: Using TestExecutionListeners: [org.springframework.test.context.web.ServletTestExecutionListener@38c408c7, org.springframework.test.context.support.DirtiesContextBeforeModesTestExecutionListener@3a3a0b3b, org.springframework.test.context.event.ApplicationEventsTestExecutionListener@19c37463, org.springframework.boot.test.mock.mockito.MockitoTestExecutionListener@d57624a, org.springframework.boot.test.autoconfigure.SpringBootDependencyInjectionTestExecutionListener@15cdc117, org.springframework.test.context.support.DirtiesContextTestExecutionListener@7f446346, org.springframework.test.context.transaction.TransactionalTestExecutionListener@7da660a1, org.springframework.test.context.jdbc.SqlScriptsTestExecutionListener@4bd5086d, org.springframework.test.context.event.EventPublishingTestExecutionListener@30ebad79, org.springframework.security.test.context.support.WithSecurityContextTestExecutionListener@6ce9a671, org.springframework.security.test.context.support.ReactorContextTestExecutionListener@22846025, org.springframework.boot.test.mock.mockito.ResetMocksTestExecutionListener@41718278, org.springframework.boot.test.autoconfigure.restdocs.RestDocsTestExecutionListener@2c9c7f4a, org.springframework.boot.test.autoconfigure.web.client.MockRestServiceServerResetTestExecutionListener@d679e86, org.springframework.boot.test.autoconfigure.web.servlet.MockMvcPrintOnlyOnFailureTestExecutionListener@c634247, org.springframework.boot.test.autoconfigure.web.servlet.WebDriverTestExecutionListener@414c63f1, org.springframework.boot.test.autoconfigure.webservices.client.MockWebServiceServerTestExecutionListener@e6522bd] 
]]></system-out>
  </testcase>
</testsuite>